#
# There is insufficient memory for the Java Runtime Environment to continue.
# Native memory allocation (mmap) failed to map 3818389504 bytes for committing reserved memory.
# Possible reasons:
#   The system is out of physical RAM or swap space
#   In 32 bit mode, the process size limit was hit
# Possible solutions:
#   Reduce memory load on the system
#   Increase physical memory or swap space
#   Check if swap backing store is full
#   Use 64 bit Java on a 64 bit OS
#   Decrease Java heap size (-Xmx/-Xms)
#   Decrease number of Java threads
#   Decrease Java thread stack sizes (-Xss)
#   Set larger code cache with -XX:ReservedCodeCacheSize=
# This output file may be truncated or incomplete.
#
#  Out of Memory Error (os_linux.cpp:2627), pid=9158, tid=0x00007f80fd9d4700
#
# JRE version: Java(TM) SE Runtime Environment (8.0_111-b14) (build 1.8.0_111-b14)
# Java VM: Java HotSpot(TM) 64-Bit Server VM (25.111-b14 mixed mode linux-amd64 compressed oops)
# Failed to write core dump. Core dumps have been disabled. To enable core dumping, try "ulimit -c unlimited" before starting Java again
#

---------------  T H R E A D  ---------------

Current thread (0x00007f80f400a000):  JavaThread "main" [_thread_in_vm, id=9159, stack(0x00007f80fd8d4000,0x00007f80fd9d5000)]

Stack: [0x00007f80fd8d4000,0x00007f80fd9d5000],  sp=0x00007f80fd9d3050,  free space=1020k
Native frames: (J=compiled Java code, j=interpreted, Vv=VM code, C=native code)
V  [libjvm.so+0xac5c2a]  VMError::report_and_die()+0x2ba
V  [libjvm.so+0x4fc50b]  report_vm_out_of_memory(char const*, int, unsigned long, VMErrorType, char const*)+0x8b
V  [libjvm.so+0x922ae3]  os::Linux::commit_memory_impl(char*, unsigned long, bool)+0x103
V  [libjvm.so+0x923039]  os::pd_commit_memory(char*, unsigned long, unsigned long, bool)+0x29
V  [libjvm.so+0x91d33a]  os::commit_memory(char*, unsigned long, unsigned long, bool)+0x2a
V  [libjvm.so+0x991ac3]  PSVirtualSpace::expand_by(unsigned long)+0x53
V  [libjvm.so+0x982380]  PSOldGen::expand(unsigned long)+0x170
V  [libjvm.so+0x98263a]  PSOldGen::expand_and_allocate(unsigned long)+0x1a
V  [libjvm.so+0x98275b]  PSOldGen::allocate(unsigned long)+0xcb
V  [libjvm.so+0x94648e]  ParallelScavengeHeap::mem_allocate(unsigned long, bool*)+0xfe
V  [libjvm.so+0xa8b47e]  TypeArrayKlass::allocate_common(int, bool, Thread*)+0x26e
V  [libjvm.so+0x68380a]  InterpreterRuntime::newarray(JavaThread*, BasicType, int)+0x2a
j  htsjdk.samtools.util.SortingLongCollection.<init>(I[Ljava/io/File;)V+67
j  picard.sam.markduplicates.MarkDuplicates.generateDuplicateIndexes(Z)V+91
j  picard.sam.markduplicates.MarkDuplicates.doWork()I+86
j  picard.cmdline.CommandLineProgram.instanceMain([Ljava/lang/String;)I+504
j  picard.cmdline.PicardCommandLine.instanceMain([Ljava/lang/String;Ljava/util/List;Ljava/lang/String;)I+32
j  picard.cmdline.PicardCommandLine.main([Ljava/lang/String;)V+14
v  ~StubRoutines::call_stub
V  [libjvm.so+0x690206]  JavaCalls::call_helper(JavaValue*, methodHandle*, JavaCallArguments*, Thread*)+0x1056
V  [libjvm.so+0x6d1612]  jni_invoke_static(JNIEnv_*, JavaValue*, _jobject*, JNICallType, _jmethodID*, JNI_ArgumentPusher*, Thread*)+0x362
V  [libjvm.so+0x6ede7a]  jni_CallStaticVoidMethod+0x17a
C  [libjli.so+0x7bdf]  JavaMain+0x81f
C  [libpthread.so.0+0x8184]  start_thread+0xc4

Java frames: (J=compiled Java code, j=interpreted, Vv=VM code)
j  htsjdk.samtools.util.SortingLongCollection.<init>(I[Ljava/io/File;)V+67
j  picard.sam.markduplicates.MarkDuplicates.generateDuplicateIndexes(Z)V+91
j  picard.sam.markduplicates.MarkDuplicates.doWork()I+86
j  picard.cmdline.CommandLineProgram.instanceMain([Ljava/lang/String;)I+504
j  picard.cmdline.PicardCommandLine.instanceMain([Ljava/lang/String;Ljava/util/List;Ljava/lang/String;)I+32
j  picard.cmdline.PicardCommandLine.main([Ljava/lang/String;)V+14
v  ~StubRoutines::call_stub

---------------  P R O C E S S  ---------------

Java Threads: ( => current thread )
  0x00007f80f4211000 JavaThread "Service Thread" daemon [_thread_blocked, id=9176, stack(0x00007f80ca3ac000,0x00007f80ca4ad000)]
  0x00007f80f420e000 JavaThread "C1 CompilerThread3" daemon [_thread_blocked, id=9175, stack(0x00007f80ca4ad000,0x00007f80ca5ae000)]
  0x00007f80f420c000 JavaThread "C2 CompilerThread2" daemon [_thread_blocked, id=9174, stack(0x00007f80ca5ae000,0x00007f80ca6af000)]
  0x00007f80f420a800 JavaThread "C2 CompilerThread1" daemon [_thread_blocked, id=9173, stack(0x00007f80ca6af000,0x00007f80ca7b0000)]
  0x00007f80f4207800 JavaThread "C2 CompilerThread0" daemon [_thread_blocked, id=9172, stack(0x00007f80ca7b0000,0x00007f80ca8b1000)]
  0x00007f80f4206000 JavaThread "Signal Dispatcher" daemon [_thread_blocked, id=9171, stack(0x00007f80ca8b1000,0x00007f80ca9b2000)]
  0x00007f80f41d3000 JavaThread "Finalizer" daemon [_thread_blocked, id=9170, stack(0x00007f80caeef000,0x00007f80caff0000)]
  0x00007f80f41ce800 JavaThread "Reference Handler" daemon [_thread_blocked, id=9169, stack(0x00007f80caff0000,0x00007f80cb0f1000)]
=>0x00007f80f400a000 JavaThread "main" [_thread_in_vm, id=9159, stack(0x00007f80fd8d4000,0x00007f80fd9d5000)]

Other Threads:
  0x00007f80f41c7000 VMThread [stack: 0x00007f80cb0f1000,0x00007f80cb1f2000] [id=9168]
  0x00007f80f4214000 WatcherThread [stack: 0x00007f80ca2ab000,0x00007f80ca3ac000] [id=9177]

VM state:not at safepoint (normal execution)

VM Mutex/Monitor currently owned by a thread:  ([mutex/lock_event])
[0x00007f80f4005ae0] ExpandHeap_lock - owner thread: 0x00007f80f400a000
[0x00007f80f4006660] Heap_lock - owner thread: 0x00007f80f400a000

Heap:
 PSYoungGen      total 3748352K, used 72604K [0x000000066ab00000, 0x0000000773d00000, 0x00000007c0000000)
  eden space 3673088K, 1% used [0x000000066ab00000,0x000000066f1e7298,0x000000074ae00000)
  from space 75264K, 0% used [0x000000074ae00000,0x000000074ae00000,0x000000074f780000)
  to   space 335360K, 0% used [0x000000075f580000,0x000000075f580000,0x0000000773d00000)
 ParOldGen       total 2494976K, used 2224936K [0x00000003c0000000, 0x0000000458480000, 0x000000066ab00000)
  object space 2494976K, 89% used [0x00000003c0000000,0x0000000447cca148,0x0000000458480000)
 Metaspace       used 8359K, capacity 8496K, committed 8832K, reserved 1056768K
  class space    used 1021K, capacity 1046K, committed 1152K, reserved 1048576K

Card table byte_map: [0x00007f80f8678000,0x00007f80fa679000] byte_map_base: 0x00007f80f6878000

Marking Bits: (ParMarkBitMap*) 0x00007f80fcd9a220
 Begin Bits: [0x00007f809c000000, 0x00007f80ac000000)
 End Bits:   [0x00007f80ac000000, 0x00007f80bc000000)

Polling page: 0x00007f80fd9e3000

CodeCache: size=245760Kb used=4969Kb max_used=5037Kb free=240790Kb
 bounds [0x00007f80e5000000, 0x00007f80e5510000, 0x00007f80f4000000]
 total_blobs=1341 nmethods=1038 adapters=219
 compilation: enabled

Compilation events (10 events):
Event: 91,342 Thread 0x00007f80f420a800 nmethod 1082 0x00007f80e5127510 code [0x00007f80e5127660, 0x00007f80e5127788]
Event: 91,353 Thread 0x00007f80f4207800 1083       4       java.io.DataInputStream::readInt (72 bytes)
Event: 91,359 Thread 0x00007f80f4207800 nmethod 1083 0x00007f80e54ef7d0 code [0x00007f80e54ef9e0, 0x00007f80e54f0cb0]
Event: 91,435 Thread 0x00007f80f420c000 nmethod 1081 0x00007f80e54f99d0 code [0x00007f80e54fa120, 0x00007f80e5500da0]
Event: 91,834 Thread 0x00007f80f420e000 1084       3       java.util.Arrays$ArrayList::size (6 bytes)
Event: 91,834 Thread 0x00007f80f420e000 nmethod 1084 0x00007f80e513fc10 code [0x00007f80e513fd80, 0x00007f80e513fef0]
Event: 91,840 Thread 0x00007f80f420e000 1085       3       java.io.File::getName (42 bytes)
Event: 91,841 Thread 0x00007f80f420e000 nmethod 1085 0x00007f80e51706d0 code [0x00007f80e5170860, 0x00007f80e5170d28]
Event: 96,554 Thread 0x00007f80f420e000 1086       3       java.util.Calendar::setFieldsComputed (117 bytes)
Event: 96,555 Thread 0x00007f80f420e000 nmethod 1086 0x00007f80e510e590 code [0x00007f80e510e740, 0x00007f80e510ec10]

GC Heap History (10 events):
Event: 75,491 GC heap before
{Heap before GC invocations=44 (full 6):
 PSYoungGen      total 3611648K, used 204320K [0x000000066ab00000, 0x000000075db00000, 0x00000007c0000000)
  eden space 3249152K, 0% used [0x000000066ab00000,0x000000066ab00000,0x0000000731000000)
  from space 362496K, 56% used [0x0000000746c00000,0x0000000753388000,0x000000075ce00000)
  to   space 356352K, 0% used [0x0000000731000000,0x0000000731000000,0x0000000746c00000)
 ParOldGen       total 1853440K, used 1724984K [0x00000003c0000000, 0x0000000431200000, 0x000000066ab00000)
  object space 1853440K, 93% used [0x00000003c0000000,0x000000042948e2e0,0x0000000431200000)
 Metaspace       used 8354K, capacity 8496K, committed 8832K, reserved 1056768K
  class space    used 1020K, capacity 1046K, committed 1152K, reserved 1048576K
Event: 78,337 GC heap after
Heap after GC invocations=44 (full 6):
 PSYoungGen      total 3611648K, used 71505K [0x000000066ab00000, 0x000000075db00000, 0x00000007c0000000)
  eden space 3249152K, 0% used [0x000000066ab00000,0x000000066ab00000,0x0000000731000000)
  from space 362496K, 19% used [0x0000000746c00000,0x000000074b1d4490,0x000000075ce00000)
  to   space 356352K, 0% used [0x0000000731000000,0x0000000731000000,0x0000000746c00000)
 ParOldGen       total 2494976K, used 1853016K [0x00000003c0000000, 0x0000000458480000, 0x000000066ab00000)
  object space 2494976K, 74% used [0x00000003c0000000,0x0000000431196080,0x0000000458480000)
 Metaspace       used 8354K, capacity 8496K, committed 8832K, reserved 1056768K
  class space    used 1020K, capacity 1046K, committed 1152K, reserved 1048576K
}
Event: 84,213 GC heap before
{Heap before GC invocations=45 (full 6):
 PSYoungGen      total 3611648K, used 3320657K [0x000000066ab00000, 0x000000075db00000, 0x00000007c0000000)
  eden space 3249152K, 100% used [0x000000066ab00000,0x0000000731000000,0x0000000731000000)
  from space 362496K, 19% used [0x0000000746c00000,0x000000074b1d4490,0x000000075ce00000)
  to   space 356352K, 0% used [0x0000000731000000,0x0000000731000000,0x0000000746c00000)
 ParOldGen       total 2494976K, used 1853016K [0x00000003c0000000, 0x0000000458480000, 0x000000066ab00000)
  object space 2494976K, 74% used [0x00000003c0000000,0x0000000431196080,0x0000000458480000)
 Metaspace       used 8354K, capacity 8496K, committed 8832K, reserved 1056768K
  class space    used 1020K, capacity 1046K, committed 1152K, reserved 1048576K
Event: 84,559 GC heap after
Heap after GC invocations=45 (full 6):
 PSYoungGen      total 3605504K, used 117344K [0x000000066ab00000, 0x0000000775580000, 0x00000007c0000000)
  eden space 3249152K, 0% used [0x000000066ab00000,0x000000066ab00000,0x0000000731000000)
  from space 356352K, 32% used [0x0000000731000000,0x0000000738298020,0x0000000746c00000)
  to   space 347648K, 0% used [0x0000000760200000,0x0000000760200000,0x0000000775580000)
 ParOldGen       total 2494976K, used 1925104K [0x00000003c0000000, 0x0000000458480000, 0x000000066ab00000)
  object space 2494976K, 77% used [0x00000003c0000000,0x00000004357fc080,0x0000000458480000)
 Metaspace       used 8354K, capacity 8496K, committed 8832K, reserved 1056768K
  class space    used 1020K, capacity 1046K, committed 1152K, reserved 1048576K
}
Event: 89,605 GC heap before
{Heap before GC invocations=46 (full 6):
 PSYoungGen      total 3605504K, used 3366496K [0x000000066ab00000, 0x0000000775580000, 0x00000007c0000000)
  eden space 3249152K, 100% used [0x000000066ab00000,0x0000000731000000,0x0000000731000000)
  from space 356352K, 32% used [0x0000000731000000,0x0000000738298020,0x0000000746c00000)
  to   space 347648K, 0% used [0x0000000760200000,0x0000000760200000,0x0000000775580000)
 ParOldGen       total 2494976K, used 1925104K [0x00000003c0000000, 0x0000000458480000, 0x000000066ab00000)
  object space 2494976K, 77% used [0x00000003c0000000,0x00000004357fc080,0x0000000458480000)
 Metaspace       used 8355K, capacity 8496K, committed 8832K, reserved 1056768K
  class space    used 1020K, capacity 1046K, committed 1152K, reserved 1048576K
Event: 90,195 GC heap after
Heap after GC invocations=46 (full 6):
 PSYoungGen      total 4000768K, used 117024K [0x000000066ab00000, 0x0000000774200000, 0x00000007c0000000)
  eden space 3673088K, 0% used [0x000000066ab00000,0x000000066ab00000,0x000000074ae00000)
  from space 327680K, 35% used [0x0000000760200000,0x0000000767448020,0x0000000774200000)
  to   space 337920K, 0% used [0x000000074ae00000,0x000000074ae00000,0x000000075f800000)
 ParOldGen       total 2494976K, used 2042984K [0x00000003c0000000, 0x0000000458480000, 0x000000066ab00000)
  object space 2494976K, 81% used [0x00000003c0000000,0x000000043cb1a0a0,0x0000000458480000)
 Metaspace       used 8355K, capacity 8496K, committed 8832K, reserved 1056768K
  class space    used 1020K, capacity 1046K, committed 1152K, reserved 1048576K
}
Event: 94,021 GC heap before
{Heap before GC invocations=47 (full 6):
 PSYoungGen      total 4000768K, used 2320876K [0x000000066ab00000, 0x0000000774200000, 0x00000007c0000000)
  eden space 3673088K, 59% used [0x000000066ab00000,0x00000006f13332a0,0x000000074ae00000)
  from space 327680K, 35% used [0x0000000760200000,0x0000000767448020,0x0000000774200000)
  to   space 337920K, 0% used [0x000000074ae00000,0x000000074ae00000,0x000000075f800000)
 ParOldGen       total 2494976K, used 2042984K [0x00000003c0000000, 0x0000000458480000, 0x000000066ab00000)
  object space 2494976K, 81% used [0x00000003c0000000,0x000000043cb1a0a0,0x0000000458480000)
 Metaspace       used 8355K, capacity 8496K, committed 8832K, reserved 1056768K
  class space    used 1020K, capacity 1046K, committed 1152K, reserved 1048576K
Event: 94,344 GC heap after
Heap after GC invocations=47 (full 6):
 PSYoungGen      total 3748352K, used 74752K [0x000000066ab00000, 0x0000000773d00000, 0x00000007c0000000)
  eden space 3673088K, 0% used [0x000000066ab00000,0x000000066ab00000,0x000000074ae00000)
  from space 75264K, 99% used [0x000000074ae00000,0x000000074f700010,0x000000074f780000)
  to   space 335360K, 0% used [0x000000075f580000,0x000000075f580000,0x0000000773d00000)
 ParOldGen       total 2494976K, used 2160232K [0x00000003c0000000, 0x0000000458480000, 0x000000066ab00000)
  object space 2494976K, 86% used [0x00000003c0000000,0x0000000443d9a0a0,0x0000000458480000)
 Metaspace       used 8355K, capacity 8496K, committed 8832K, reserved 1056768K
  class space    used 1020K, capacity 1046K, committed 1152K, reserved 1048576K
}
Event: 94,344 GC heap before
{Heap before GC invocations=48 (full 7):
 PSYoungGen      total 3748352K, used 74752K [0x000000066ab00000, 0x0000000773d00000, 0x00000007c0000000)
  eden space 3673088K, 0% used [0x000000066ab00000,0x000000066ab00000,0x000000074ae00000)
  from space 75264K, 99% used [0x000000074ae00000,0x000000074f700010,0x000000074f780000)
  to   space 335360K, 0% used [0x000000075f580000,0x000000075f580000,0x0000000773d00000)
 ParOldGen       total 2494976K, used 2160232K [0x00000003c0000000, 0x0000000458480000, 0x000000066ab00000)
  object space 2494976K, 86% used [0x00000003c0000000,0x0000000443d9a0a0,0x0000000458480000)
 Metaspace       used 8355K, capacity 8496K, committed 8832K, reserved 1056768K
  class space    used 1020K, capacity 1046K, committed 1152K, reserved 1048576K
Event: 96,552 GC heap after
Heap after GC invocations=48 (full 7):
 PSYoungGen      total 3748352K, used 0K [0x000000066ab00000, 0x0000000773d00000, 0x00000007c0000000)
  eden space 3673088K, 0% used [0x000000066ab00000,0x000000066ab00000,0x000000074ae00000)
  from space 75264K, 0% used [0x000000074ae00000,0x000000074ae00000,0x000000074f780000)
  to   space 335360K, 0% used [0x000000075f580000,0x000000075f580000,0x0000000773d00000)
 ParOldGen       total 2494976K, used 2224936K [0x00000003c0000000, 0x0000000458480000, 0x000000066ab00000)
  object space 2494976K, 89% used [0x00000003c0000000,0x0000000447cca148,0x0000000458480000)
 Metaspace       used 8355K, capacity 8496K, committed 8832K, reserved 1056768K
  class space    used 1020K, capacity 1046K, committed 1152K, reserved 1048576K
}

Deoptimization events (10 events):
Event: 94,013 Thread 0x00007f80f400a000 Uncommon trap: reason=unstable_if action=reinterpret pc=0x00007f80e53d60f8 method=htsjdk.samtools.SAMRecord.setReferenceName(Ljava/lang/String;)V @ 21
Event: 94,013 Thread 0x00007f80f400a000 Uncommon trap: reason=unstable_if action=reinterpret pc=0x00007f80e5391fec method=htsjdk.samtools.SAMRecord.setMateReferenceName(Ljava/lang/String;)V @ 21
Event: 94,013 Thread 0x00007f80f400a000 Uncommon trap: reason=unstable_if action=reinterpret pc=0x00007f80e5332b84 method=java.lang.Integer.equals(Ljava/lang/Object;)Z @ 18
Event: 94,013 Thread 0x00007f80f400a000 Uncommon trap: reason=unstable_if action=reinterpret pc=0x00007f80e53d3d74 method=java.lang.Integer.equals(Ljava/lang/Object;)Z @ 18
Event: 94,014 Thread 0x00007f80f400a000 Uncommon trap: reason=unstable_if action=reinterpret pc=0x00007f80e52d3ed8 method=java.lang.Integer.equals(Ljava/lang/Object;)Z @ 18
Event: 94,014 Thread 0x00007f80f400a000 Uncommon trap: reason=unstable_if action=reinterpret pc=0x00007f80e5316054 method=htsjdk.samtools.SAMRecord.setReferenceIndex(I)V @ 2
Event: 94,014 Thread 0x00007f80f400a000 Uncommon trap: reason=unstable_if action=reinterpret pc=0x00007f80e539ef2c method=htsjdk.samtools.SAMRecord.setReferenceName(Ljava/lang/String;)V @ 21
Event: 94,014 Thread 0x00007f80f400a000 Uncommon trap: reason=unstable_if action=reinterpret pc=0x00007f80e52d5544 method=java.lang.Integer.equals(Ljava/lang/Object;)Z @ 18
Event: 94,014 Thread 0x00007f80f400a000 Uncommon trap: reason=unstable_if action=reinterpret pc=0x00007f80e54e4e44 method=picard.sam.markduplicates.MarkDuplicates.buildSortedReadEndLists(Z)V @ 341
Event: 96,554 Thread 0x00007f80f400a000 Uncommon trap: reason=unstable_if action=reinterpret pc=0x00007f80e53dc7b8 method=java.lang.Integer.getChars(II[C)V @ 20

Internal exceptions (9 events):
Event: 0,130 Thread 0x00007f80f400a000 Exception <a 'java/lang/NoSuchMethodError': Method sun.misc.Unsafe.defineClass(Ljava/lang/String;[BII)Ljava/lang/Class; name or signature does not match> (0x000000066ab07c78) thrown at [/HUDSON3/workspace/8-2-build-linux-amd64/jdk8u111/7883/hotspot/src/sh
Event: 0,131 Thread 0x00007f80f400a000 Exception <a 'java/lang/NoSuchMethodError': Method sun.misc.Unsafe.prefetchRead(Ljava/lang/Object;J)V name or signature does not match> (0x000000066ab07f60) thrown at [/HUDSON3/workspace/8-2-build-linux-amd64/jdk8u111/7883/hotspot/src/share/vm/prims/jni.c
Event: 0,396 Thread 0x00007f80f400a000 Exception <a 'java/security/PrivilegedActionException'> (0x000000066abaa578) thrown at [/HUDSON3/workspace/8-2-build-linux-amd64/jdk8u111/7883/hotspot/src/share/vm/prims/jvm.cpp, line 1386]
Event: 0,396 Thread 0x00007f80f400a000 Exception <a 'java/security/PrivilegedActionException'> (0x000000066abaa788) thrown at [/HUDSON3/workspace/8-2-build-linux-amd64/jdk8u111/7883/hotspot/src/share/vm/prims/jvm.cpp, line 1386]
Event: 0,397 Thread 0x00007f80f400a000 Exception <a 'java/security/PrivilegedActionException'> (0x000000066abaccb8) thrown at [/HUDSON3/workspace/8-2-build-linux-amd64/jdk8u111/7883/hotspot/src/share/vm/prims/jvm.cpp, line 1386]
Event: 0,397 Thread 0x00007f80f400a000 Exception <a 'java/security/PrivilegedActionException'> (0x000000066abacec8) thrown at [/HUDSON3/workspace/8-2-build-linux-amd64/jdk8u111/7883/hotspot/src/share/vm/prims/jvm.cpp, line 1386]
Event: 0,706 Thread 0x00007f80f400a000 Exception <a 'java/lang/ArrayIndexOutOfBoundsException': 18> (0x000000066b7d7a00) thrown at [/HUDSON3/workspace/8-2-build-linux-amd64/jdk8u111/7883/hotspot/src/share/vm/interpreter/interpreterRuntime.cpp, line 366]
Event: 0,706 Thread 0x00007f80f400a000 Exception <a 'java/lang/ArrayIndexOutOfBoundsException': 67> (0x000000066b7d8908) thrown at [/HUDSON3/workspace/8-2-build-linux-amd64/jdk8u111/7883/hotspot/src/share/vm/interpreter/interpreterRuntime.cpp, line 366]
Event: 91,246 Thread 0x00007f80f400a000 Implicit null exception at 0x00007f80e54916bc to 0x00007f80e5496b35

Events (10 events):
Event: 94,016 Executing VM operation: ParallelGCSystemGC
Event: 96,553 Executing VM operation: ParallelGCSystemGC done
Event: 96,553 Executing VM operation: BulkRevokeBias
Event: 96,553 Executing VM operation: BulkRevokeBias done
Event: 96,554 Thread 0x00007f80f400a000 Uncommon trap: trap_request=0xffffff65 fr.pc=0x00007f80e53dc7b8
Event: 96,554 Thread 0x00007f80f400a000 DEOPT PACKING pc=0x00007f80e53dc7b8 sp=0x00007f80fd9d35b0
Event: 96,554 Thread 0x00007f80f400a000 DEOPT UNPACKING pc=0x00007f80e5004f69 sp=0x00007f80fd9d34b8 mode 2
Event: 96,554 loading class java/util/NoSuchElementException
Event: 96,555 Thread 0x00007f80f420e000 flushing nmethod 0x00007f80e51ce190
Event: 96,582 loading class java/util/NoSuchElementException done


Dynamic libraries:
00400000-00401000 r-xp 00000000 fc:00 16253521                           /usr/lib/jvm/java-8-oracle/jre/bin/java
00600000-00601000 rw-p 00000000 fc:00 16253521                           /usr/lib/jvm/java-8-oracle/jre/bin/java
00674000-00695000 rw-p 00000000 00:00 0                                  [heap]
3c0000000-458480000 rw-p 00000000 00:00 0 
53be00000-66ab00000 ---p 00000000 00:00 0 
66ab00000-773d00000 rw-p 00000000 00:00 0 
773d00000-7c0000000 ---p 00000000 00:00 0 
7c0000000-7c0120000 rw-p 00000000 00:00 0 
7c0120000-800000000 ---p 00000000 00:00 0 
7f8074000000-7f8074021000 rw-p 00000000 00:00 0 
7f8074021000-7f8078000000 ---p 00000000 00:00 0 
7f8078000000-7f8078021000 rw-p 00000000 00:00 0 
7f8078021000-7f807c000000 ---p 00000000 00:00 0 
7f807c000000-7f807d3a9000 rw-p 00000000 00:00 0 
7f807d3a9000-7f8080000000 ---p 00000000 00:00 0 
7f8080000000-7f8080559000 rw-p 00000000 00:00 0 
7f8080559000-7f8084000000 ---p 00000000 00:00 0 
7f8084000000-7f80849f5000 rw-p 00000000 00:00 0 
7f80849f5000-7f8088000000 ---p 00000000 00:00 0 
7f8088000000-7f8088915000 rw-p 00000000 00:00 0 
7f8088915000-7f808c000000 ---p 00000000 00:00 0 
7f808c000000-7f808c021000 rw-p 00000000 00:00 0 
7f808c021000-7f8090000000 ---p 00000000 00:00 0 
7f8090000000-7f8090021000 rw-p 00000000 00:00 0 
7f8090021000-7f8094000000 ---p 00000000 00:00 0 
7f8094000000-7f8094021000 rw-p 00000000 00:00 0 
7f8094021000-7f8098000000 ---p 00000000 00:00 0 
7f8098000000-7f8098021000 rw-p 00000000 00:00 0 
7f8098021000-7f809c000000 ---p 00000000 00:00 0 
7f809c000000-7f80bc000000 rw-p 00000000 00:00 0 
7f80bc000000-7f80bd3b4000 rw-p 00000000 00:00 0 
7f80bd3b4000-7f80c0000000 ---p 00000000 00:00 0 
7f80c0000000-7f80c07c1000 rw-p 00000000 00:00 0 
7f80c07c1000-7f80c4000000 ---p 00000000 00:00 0 
7f80c4000000-7f80c4d00000 rw-p 00000000 00:00 0 
7f80c4d00000-7f80c8000000 ---p 00000000 00:00 0 
7f80c96e4000-7f80c970a000 r--p 00000000 fc:00 14554106                   /usr/share/locale-langpack/es/LC_MESSAGES/libc.mo
7f80c970a000-7f80c971b000 r-xp 00000000 fc:00 15992883                   /usr/lib/jvm/java-8-oracle/jre/lib/amd64/libnio.so
7f80c971b000-7f80c991a000 ---p 00011000 fc:00 15992883                   /usr/lib/jvm/java-8-oracle/jre/lib/amd64/libnio.so
7f80c991a000-7f80c991b000 rw-p 00010000 fc:00 15992883                   /usr/lib/jvm/java-8-oracle/jre/lib/amd64/libnio.so
7f80c991b000-7f80c9931000 r-xp 00000000 fc:00 13500610                   /lib/x86_64-linux-gnu/libgcc_s.so.1
7f80c9931000-7f80c9b30000 ---p 00016000 fc:00 13500610                   /lib/x86_64-linux-gnu/libgcc_s.so.1
7f80c9b30000-7f80c9b31000 rw-p 00015000 fc:00 13500610                   /lib/x86_64-linux-gnu/libgcc_s.so.1
7f80c9b31000-7f80c9c17000 r-xp 00000000 fc:00 14158647                   /usr/lib/x86_64-linux-gnu/libstdc++.so.6.0.19
7f80c9c17000-7f80c9e16000 ---p 000e6000 fc:00 14158647                   /usr/lib/x86_64-linux-gnu/libstdc++.so.6.0.19
7f80c9e16000-7f80c9e1e000 r--p 000e5000 fc:00 14158647                   /usr/lib/x86_64-linux-gnu/libstdc++.so.6.0.19
7f80c9e1e000-7f80c9e20000 rw-p 000ed000 fc:00 14158647                   /usr/lib/x86_64-linux-gnu/libstdc++.so.6.0.19
7f80c9e20000-7f80c9e35000 rw-p 00000000 00:00 0 
7f80c9e35000-7f80c9e92000 r-xp 00000000 fc:00 10879859                   /home/bitgenia/tools/accessoryTools/picard-tools-2.0.1/libIntelDeflater.so
7f80c9e92000-7f80ca092000 ---p 0005d000 fc:00 10879859                   /home/bitgenia/tools/accessoryTools/picard-tools-2.0.1/libIntelDeflater.so
7f80ca092000-7f80ca094000 rw-p 0005d000 fc:00 10879859                   /home/bitgenia/tools/accessoryTools/picard-tools-2.0.1/libIntelDeflater.so
7f80ca094000-7f80ca0aa000 r-xp 00000000 fc:00 15992946                   /usr/lib/jvm/java-8-oracle/jre/lib/amd64/libnet.so
7f80ca0aa000-7f80ca2aa000 ---p 00016000 fc:00 15992946                   /usr/lib/jvm/java-8-oracle/jre/lib/amd64/libnet.so
7f80ca2aa000-7f80ca2ab000 rw-p 00016000 fc:00 15992946                   /usr/lib/jvm/java-8-oracle/jre/lib/amd64/libnet.so
7f80ca2ab000-7f80ca2ac000 ---p 00000000 00:00 0 
7f80ca2ac000-7f80ca3ac000 rw-p 00000000 00:00 0 
7f80ca3ac000-7f80ca3af000 ---p 00000000 00:00 0 
7f80ca3af000-7f80ca4ad000 rw-p 00000000 00:00 0 
7f80ca4ad000-7f80ca4b0000 ---p 00000000 00:00 0 
7f80ca4b0000-7f80ca5ae000 rw-p 00000000 00:00 0 
7f80ca5ae000-7f80ca5b1000 ---p 00000000 00:00 0 
7f80ca5b1000-7f80ca6af000 rw-p 00000000 00:00 0 
7f80ca6af000-7f80ca6b2000 ---p 00000000 00:00 0 
7f80ca6b2000-7f80ca7b0000 rw-p 00000000 00:00 0 
7f80ca7b0000-7f80ca7b3000 ---p 00000000 00:00 0 
7f80ca7b3000-7f80ca8b1000 rw-p 00000000 00:00 0 
7f80ca8b1000-7f80ca8b4000 ---p 00000000 00:00 0 
7f80ca8b4000-7f80ca9b2000 rw-p 00000000 00:00 0 
7f80ca9b2000-7f80caeef000 r--p 00000000 fc:00 14160349                   /usr/lib/locale/locale-archive
7f80caeef000-7f80caef2000 ---p 00000000 00:00 0 
7f80caef2000-7f80caff0000 rw-p 00000000 00:00 0 
7f80caff0000-7f80caff3000 ---p 00000000 00:00 0 
7f80caff3000-7f80cb0f1000 rw-p 00000000 00:00 0 
7f80cb0f1000-7f80cb0f2000 ---p 00000000 00:00 0 
7f80cb0f2000-7f80cc000000 rw-p 00000000 00:00 0 
7f80cc000000-7f80ccc05000 rw-p 00000000 00:00 0 
7f80ccc05000-7f80d0000000 ---p 00000000 00:00 0 
7f80d0000000-7f80d0514000 rw-p 00000000 00:00 0 
7f80d0514000-7f80d4000000 ---p 00000000 00:00 0 
7f80d4000000-7f80d5564000 rw-p 00000000 00:00 0 
7f80d5564000-7f80d8000000 ---p 00000000 00:00 0 
7f80d8000000-7f80d8a52000 rw-p 00000000 00:00 0 
7f80d8a52000-7f80dc000000 ---p 00000000 00:00 0 
7f80dc000000-7f80dc955000 rw-p 00000000 00:00 0 
7f80dc955000-7f80e0000000 ---p 00000000 00:00 0 
7f80e0008000-7f80e0083000 r--s 011eb000 fc:00 10879861                   /home/bitgenia/tools/accessoryTools/picard-tools-2.0.1/picard.jar
7f80e0083000-7f80e0d90000 rw-p 00000000 00:00 0 
7f80e0d90000-7f80e0f68000 r--s 03d2a000 fc:00 15998947                   /usr/lib/jvm/java-8-oracle/jre/lib/rt.jar
7f80e0f68000-7f80e16e8000 rw-p 00000000 00:00 0 
7f80e16e8000-7f80e1768000 ---p 00000000 00:00 0 
7f80e1768000-7f80e38a8000 rw-p 00000000 00:00 0 
7f80e38a8000-7f80e38a9000 ---p 00000000 00:00 0 
7f80e38a9000-7f80e39a9000 rw-p 00000000 00:00 0 
7f80e39a9000-7f80e39aa000 ---p 00000000 00:00 0 
7f80e39aa000-7f80e3f6d000 rw-p 00000000 00:00 0 
7f80e3f6d000-7f80e5000000 ---p 00000000 00:00 0 
7f80e5000000-7f80e5510000 rwxp 00000000 00:00 0 
7f80e5510000-7f80f4000000 ---p 00000000 00:00 0 
7f80f4000000-7f80f4720000 rw-p 00000000 00:00 0 
7f80f4720000-7f80f8000000 ---p 00000000 00:00 0 
7f80f800c000-7f80f800e000 rw-p 00000000 00:00 0 
7f80f800e000-7f80f8015000 r--s 00000000 fc:00 14158584                   /usr/lib/x86_64-linux-gnu/gconv/gconv-modules.cache
7f80f8015000-7f80f8019000 r--s 00097000 fc:00 15992976                   /usr/lib/jvm/java-8-oracle/jre/lib/jsse.jar
7f80f8019000-7f80f8023000 r--s 00116000 fc:00 15998956                   /usr/lib/jvm/java-8-oracle/jre/lib/ext/localedata.jar
7f80f8023000-7f80f8072000 rw-p 00000000 00:00 0 
7f80f8072000-7f80f8073000 ---p 00000000 00:00 0 
7f80f8073000-7f80f8173000 rw-p 00000000 00:00 0 
7f80f8173000-7f80f8174000 ---p 00000000 00:00 0 
7f80f8174000-7f80f8274000 rw-p 00000000 00:00 0 
7f80f8274000-7f80f8275000 ---p 00000000 00:00 0 
7f80f8275000-7f80f8375000 rw-p 00000000 00:00 0 
7f80f8375000-7f80f8376000 ---p 00000000 00:00 0 
7f80f8376000-7f80f8476000 rw-p 00000000 00:00 0 
7f80f8476000-7f80f8477000 ---p 00000000 00:00 0 
7f80f8477000-7f80f8577000 rw-p 00000000 00:00 0 
7f80f8577000-7f80f8578000 ---p 00000000 00:00 0 
7f80f8578000-7f80f8b3b000 rw-p 00000000 00:00 0 
7f80f8b3b000-7f80f9bcd000 ---p 00000000 00:00 0 
7f80f9bcd000-7f80fa417000 rw-p 00000000 00:00 0 
7f80fa417000-7f80fa678000 ---p 00000000 00:00 0 
7f80fa678000-7f80fa68e000 rw-p 00000000 00:00 0 
7f80fa68e000-7f80faa39000 ---p 00000000 00:00 0 
7f80faa39000-7f80faa53000 r-xp 00000000 fc:00 15992937                   /usr/lib/jvm/java-8-oracle/jre/lib/amd64/libzip.so
7f80faa53000-7f80fac53000 ---p 0001a000 fc:00 15992937                   /usr/lib/jvm/java-8-oracle/jre/lib/amd64/libzip.so
7f80fac53000-7f80fac54000 rw-p 0001a000 fc:00 15992937                   /usr/lib/jvm/java-8-oracle/jre/lib/amd64/libzip.so
7f80fac54000-7f80fac5e000 r-xp 00000000 fc:00 13500645                   /lib/x86_64-linux-gnu/libnss_files-2.19.so
7f80fac5e000-7f80fae5d000 ---p 0000a000 fc:00 13500645                   /lib/x86_64-linux-gnu/libnss_files-2.19.so
7f80fae5d000-7f80fae5e000 r--p 00009000 fc:00 13500645                   /lib/x86_64-linux-gnu/libnss_files-2.19.so
7f80fae5e000-7f80fae5f000 rw-p 0000a000 fc:00 13500645                   /lib/x86_64-linux-gnu/libnss_files-2.19.so
7f80fae5f000-7f80fae6a000 r-xp 00000000 fc:00 13500649                   /lib/x86_64-linux-gnu/libnss_nis-2.19.so
7f80fae6a000-7f80fb069000 ---p 0000b000 fc:00 13500649                   /lib/x86_64-linux-gnu/libnss_nis-2.19.so
7f80fb069000-7f80fb06a000 r--p 0000a000 fc:00 13500649                   /lib/x86_64-linux-gnu/libnss_nis-2.19.so
7f80fb06a000-7f80fb06b000 rw-p 0000b000 fc:00 13500649                   /lib/x86_64-linux-gnu/libnss_nis-2.19.so
7f80fb06b000-7f80fb082000 r-xp 00000000 fc:00 13500639                   /lib/x86_64-linux-gnu/libnsl-2.19.so
7f80fb082000-7f80fb281000 ---p 00017000 fc:00 13500639                   /lib/x86_64-linux-gnu/libnsl-2.19.so
7f80fb281000-7f80fb282000 r--p 00016000 fc:00 13500639                   /lib/x86_64-linux-gnu/libnsl-2.19.so
7f80fb282000-7f80fb283000 rw-p 00017000 fc:00 13500639                   /lib/x86_64-linux-gnu/libnsl-2.19.so
7f80fb283000-7f80fb285000 rw-p 00000000 00:00 0 
7f80fb285000-7f80fb28e000 r-xp 00000000 fc:00 13500641                   /lib/x86_64-linux-gnu/libnss_compat-2.19.so
7f80fb28e000-7f80fb48d000 ---p 00009000 fc:00 13500641                   /lib/x86_64-linux-gnu/libnss_compat-2.19.so
7f80fb48d000-7f80fb48e000 r--p 00008000 fc:00 13500641                   /lib/x86_64-linux-gnu/libnss_compat-2.19.so
7f80fb48e000-7f80fb48f000 rw-p 00009000 fc:00 13500641                   /lib/x86_64-linux-gnu/libnss_compat-2.19.so
7f80fb48f000-7f80fb4ba000 r-xp 00000000 fc:00 15992944                   /usr/lib/jvm/java-8-oracle/jre/lib/amd64/libjava.so
7f80fb4ba000-7f80fb6b9000 ---p 0002b000 fc:00 15992944                   /usr/lib/jvm/java-8-oracle/jre/lib/amd64/libjava.so
7f80fb6b9000-7f80fb6bb000 rw-p 0002a000 fc:00 15992944                   /usr/lib/jvm/java-8-oracle/jre/lib/amd64/libjava.so
7f80fb6bb000-7f80fb6c8000 r-xp 00000000 fc:00 15992940                   /usr/lib/jvm/java-8-oracle/jre/lib/amd64/libverify.so
7f80fb6c8000-7f80fb8c7000 ---p 0000d000 fc:00 15992940                   /usr/lib/jvm/java-8-oracle/jre/lib/amd64/libverify.so
7f80fb8c7000-7f80fb8c9000 rw-p 0000c000 fc:00 15992940                   /usr/lib/jvm/java-8-oracle/jre/lib/amd64/libverify.so
7f80fb8c9000-7f80fb8d0000 r-xp 00000000 fc:00 13500682                   /lib/x86_64-linux-gnu/librt-2.19.so
7f80fb8d0000-7f80fbacf000 ---p 00007000 fc:00 13500682                   /lib/x86_64-linux-gnu/librt-2.19.so
7f80fbacf000-7f80fbad0000 r--p 00006000 fc:00 13500682                   /lib/x86_64-linux-gnu/librt-2.19.so
7f80fbad0000-7f80fbad1000 rw-p 00007000 fc:00 13500682                   /lib/x86_64-linux-gnu/librt-2.19.so
7f80fbad1000-7f80fbbd6000 r-xp 00000000 fc:00 13500624                   /lib/x86_64-linux-gnu/libm-2.19.so
7f80fbbd6000-7f80fbdd5000 ---p 00105000 fc:00 13500624                   /lib/x86_64-linux-gnu/libm-2.19.so
7f80fbdd5000-7f80fbdd6000 r--p 00104000 fc:00 13500624                   /lib/x86_64-linux-gnu/libm-2.19.so
7f80fbdd6000-7f80fbdd7000 rw-p 00105000 fc:00 13500624                   /lib/x86_64-linux-gnu/libm-2.19.so
7f80fbdd7000-7f80fcaa4000 r-xp 00000000 fc:00 15992888                   /usr/lib/jvm/java-8-oracle/jre/lib/amd64/server/libjvm.so
7f80fcaa4000-7f80fcca3000 ---p 00ccd000 fc:00 15992888                   /usr/lib/jvm/java-8-oracle/jre/lib/amd64/server/libjvm.so
7f80fcca3000-7f80fcd7c000 rw-p 00ccc000 fc:00 15992888                   /usr/lib/jvm/java-8-oracle/jre/lib/amd64/server/libjvm.so
7f80fcd7c000-7f80fcdc7000 rw-p 00000000 00:00 0 
7f80fcdc7000-7f80fcf81000 r-xp 00000000 fc:00 13500586                   /lib/x86_64-linux-gnu/libc-2.19.so
7f80fcf81000-7f80fd181000 ---p 001ba000 fc:00 13500586                   /lib/x86_64-linux-gnu/libc-2.19.so
7f80fd181000-7f80fd185000 r--p 001ba000 fc:00 13500586                   /lib/x86_64-linux-gnu/libc-2.19.so
7f80fd185000-7f80fd187000 rw-p 001be000 fc:00 13500586                   /lib/x86_64-linux-gnu/libc-2.19.so
7f80fd187000-7f80fd18c000 rw-p 00000000 00:00 0 
7f80fd18c000-7f80fd18f000 r-xp 00000000 fc:00 13500602                   /lib/x86_64-linux-gnu/libdl-2.19.so
7f80fd18f000-7f80fd38e000 ---p 00003000 fc:00 13500602                   /lib/x86_64-linux-gnu/libdl-2.19.so
7f80fd38e000-7f80fd38f000 r--p 00002000 fc:00 13500602                   /lib/x86_64-linux-gnu/libdl-2.19.so
7f80fd38f000-7f80fd390000 rw-p 00003000 fc:00 13500602                   /lib/x86_64-linux-gnu/libdl-2.19.so
7f80fd390000-7f80fd3a5000 r-xp 00000000 fc:00 15992922                   /usr/lib/jvm/java-8-oracle/jre/lib/amd64/jli/libjli.so
7f80fd3a5000-7f80fd5a5000 ---p 00015000 fc:00 15992922                   /usr/lib/jvm/java-8-oracle/jre/lib/amd64/jli/libjli.so
7f80fd5a5000-7f80fd5a6000 rw-p 00015000 fc:00 15992922                   /usr/lib/jvm/java-8-oracle/jre/lib/amd64/jli/libjli.so
7f80fd5a6000-7f80fd5bf000 r-xp 00000000 fc:00 13500676                   /lib/x86_64-linux-gnu/libpthread-2.19.so
7f80fd5bf000-7f80fd7be000 ---p 00019000 fc:00 13500676                   /lib/x86_64-linux-gnu/libpthread-2.19.so
7f80fd7be000-7f80fd7bf000 r--p 00018000 fc:00 13500676                   /lib/x86_64-linux-gnu/libpthread-2.19.so
7f80fd7bf000-7f80fd7c0000 rw-p 00019000 fc:00 13500676                   /lib/x86_64-linux-gnu/libpthread-2.19.so
7f80fd7c0000-7f80fd7c4000 rw-p 00000000 00:00 0 
7f80fd7c4000-7f80fd7e7000 r-xp 00000000 fc:00 13500566                   /lib/x86_64-linux-gnu/ld-2.19.so
7f80fd7e7000-7f80fd803000 r--s 00393000 fc:00 15998953                   /usr/lib/jvm/java-8-oracle/jre/lib/ext/cldrdata.jar
7f80fd803000-7f80fd8d4000 rw-p 00000000 00:00 0 
7f80fd8d4000-7f80fd8d7000 ---p 00000000 00:00 0 
7f80fd8d7000-7f80fd9da000 rw-p 00000000 00:00 0 
7f80fd9da000-7f80fd9e2000 rw-s 00000000 fc:00 9175086                    /tmp/hsperfdata_bitgenia/9158
7f80fd9e2000-7f80fd9e3000 rw-p 00000000 00:00 0 
7f80fd9e3000-7f80fd9e4000 r--p 00000000 00:00 0 
7f80fd9e4000-7f80fd9e6000 rw-p 00000000 00:00 0 
7f80fd9e6000-7f80fd9e7000 r--p 00022000 fc:00 13500566                   /lib/x86_64-linux-gnu/ld-2.19.so
7f80fd9e7000-7f80fd9e8000 rw-p 00023000 fc:00 13500566                   /lib/x86_64-linux-gnu/ld-2.19.so
7f80fd9e8000-7f80fd9e9000 rw-p 00000000 00:00 0 
7ffc035fc000-7ffc0361d000 rw-p 00000000 00:00 0                          [stack]
7ffc0365f000-7ffc03661000 r--p 00000000 00:00 0                          [vvar]
7ffc03661000-7ffc03663000 r-xp 00000000 00:00 0                          [vdso]
ffffffffff600000-ffffffffff601000 r-xp 00000000 00:00 0                  [vsyscall]

VM Arguments:
jvm_args: -Xmx16g 
java_command: /home/bitgenia/tools/accessoryTools/picard-tools-2.0.1/picard.jar MarkDuplicates VALIDATION_STRINGENCY=LENIENT REMOVE_DUPLICATES=true AS=true MAX_RECORDS_IN_RAM=10000000 I=/home/bitgenia/samples/data/EB191/result/EB191_Result/EB191_sorted.bam O=/home/bitgenia/samples/data/EB191/result/EB191_Result/EB191_marked.bam M=/home/bitgenia/samples/data/EB191/result/EB191_Result/EB191_dedupped.metrics.txt CREATE_INDEX=true
java_class_path (initial): /home/bitgenia/tools/accessoryTools/picard-tools-2.0.1/picard.jar
Launcher Type: SUN_STANDARD

Environment Variables:
JAVA_HOME=/usr/lib/jvm/java-8-oracle
PATH=/usr/local/sbin:/usr/local/bin:/usr/sbin:/usr/bin:/sbin:/bin:/usr/games:/usr/local/games:/usr/lib/jvm/java-8-oracle/bin:/usr/lib/jvm/java-8-oracle/db/bin:/usr/lib/jvm/java-8-oracle/jre/bin
SHELL=/bin/bash

Signal Handlers:
SIGSEGV: [libjvm.so+0xac64b0], sa_mask[0]=11111111011111111101111111111110, sa_flags=SA_RESTART|SA_SIGINFO
SIGBUS: [libjvm.so+0xac64b0], sa_mask[0]=11111111011111111101111111111110, sa_flags=SA_RESTART|SA_SIGINFO
SIGFPE: [libjvm.so+0x91f950], sa_mask[0]=11111111011111111101111111111110, sa_flags=SA_RESTART|SA_SIGINFO
SIGPIPE: [libjvm.so+0x91f950], sa_mask[0]=11111111011111111101111111111110, sa_flags=SA_RESTART|SA_SIGINFO
SIGXFSZ: [libjvm.so+0x91f950], sa_mask[0]=11111111011111111101111111111110, sa_flags=SA_RESTART|SA_SIGINFO
SIGILL: [libjvm.so+0x91f950], sa_mask[0]=11111111011111111101111111111110, sa_flags=SA_RESTART|SA_SIGINFO
SIGUSR1: SIG_DFL, sa_mask[0]=00000000000000000000000000000000, sa_flags=none
SIGUSR2: [libjvm.so+0x920f80], sa_mask[0]=00000000000000000000000000000000, sa_flags=SA_RESTART|SA_SIGINFO
SIGHUP: [libjvm.so+0x922380], sa_mask[0]=11111111011111111101111111111110, sa_flags=SA_RESTART|SA_SIGINFO
SIGINT: [libjvm.so+0x922380], sa_mask[0]=11111111011111111101111111111110, sa_flags=SA_RESTART|SA_SIGINFO
SIGTERM: [libjvm.so+0x922380], sa_mask[0]=11111111011111111101111111111110, sa_flags=SA_RESTART|SA_SIGINFO
SIGQUIT: [libjvm.so+0x922380], sa_mask[0]=11111111011111111101111111111110, sa_flags=SA_RESTART|SA_SIGINFO


---------------  S Y S T E M  ---------------

OS:DISTRIB_ID=Ubuntu
DISTRIB_RELEASE=14.04
DISTRIB_CODENAME=trusty
DISTRIB_DESCRIPTION="Ubuntu 14.04.5 LTS"

uname:Linux 4.4.0-31-generic #50~14.04.1-Ubuntu SMP Wed Jul 13 01:07:32 UTC 2016 x86_64
libc:glibc 2.19 NPTL 2.19 
rlimit: STACK 8192k, CORE 0k, NPROC 96354, NOFILE 4096, AS infinity
load average:2,93 3,88 9,83

/proc/meminfo:
MemTotal:       24689876 kB
MemFree:          212940 kB
MemAvailable:     976928 kB
Buffers:             700 kB
Cached:          1011720 kB
SwapCached:       159024 kB
Active:         21804700 kB
Inactive:        2450468 kB
Active(anon):   21298964 kB
Inactive(anon):  1945116 kB
Active(file):     505736 kB
Inactive(file):   505352 kB
Unevictable:           0 kB
Mlocked:               0 kB
SwapTotal:       1044476 kB
SwapFree:         361652 kB
Dirty:                36 kB
Writeback:             0 kB
AnonPages:      23088748 kB
Mapped:            13744 kB
Shmem:                 4 kB
Slab:              97864 kB
SReclaimable:      78100 kB
SUnreclaim:        19764 kB
KernelStack:        3808 kB
PageTables:        49652 kB
NFS_Unstable:          0 kB
Bounce:                0 kB
WritebackTmp:          0 kB
CommitLimit:    13389412 kB
Committed_AS:   26205964 kB
VmallocTotal:   34359738367 kB
VmallocUsed:           0 kB
VmallocChunk:          0 kB
HardwareCorrupted:     0 kB
AnonHugePages:  15919104 kB
CmaTotal:              0 kB
CmaFree:               0 kB
HugePages_Total:       0
HugePages_Free:        0
HugePages_Rsvd:        0
HugePages_Surp:        0
Hugepagesize:       2048 kB
DirectMap4k:       65524 kB
DirectMap2M:    25100288 kB


CPU:total 8 (1 cores per cpu, 1 threads per core) family 6 model 6 stepping 3, cmov, cx8, fxsr, mmx, sse, sse2, sse3, popcnt, lzcnt, tsc

/proc/cpuinfo:
processor	: 0
vendor_id	: GenuineIntel
cpu family	: 6
model		: 6
model name	: QEMU Virtual CPU version 2.0.0
stepping	: 3
microcode	: 0x1
cpu MHz		: 3591.682
cache size	: 4096 KB
physical id	: 0
siblings	: 1
core id		: 0
cpu cores	: 1
apicid		: 0
initial apicid	: 0
fpu		: yes
fpu_exception	: yes
cpuid level	: 4
wp		: yes
flags		: fpu de pse tsc msr pae mce cx8 apic sep mtrr pge mca cmov pse36 clflush mmx fxsr sse sse2 syscall nx lm rep_good nopl pni vmx cx16 x2apic popcnt hypervisor lahf_lm abm tpr_shadow vnmi flexpriority ept vpid
bugs		:
bogomips	: 7183.36
clflush size	: 64
cache_alignment	: 64
address sizes	: 40 bits physical, 48 bits virtual
power management:

processor	: 1
vendor_id	: GenuineIntel
cpu family	: 6
model		: 6
model name	: QEMU Virtual CPU version 2.0.0
stepping	: 3
microcode	: 0x1
cpu MHz		: 3591.682
cache size	: 4096 KB
physical id	: 1
siblings	: 1
core id		: 0
cpu cores	: 1
apicid		: 1
initial apicid	: 1
fpu		: yes
fpu_exception	: yes
cpuid level	: 4
wp		: yes
flags		: fpu de pse tsc msr pae mce cx8 apic sep mtrr pge mca cmov pse36 clflush mmx fxsr sse sse2 syscall nx lm rep_good nopl pni vmx cx16 x2apic popcnt hypervisor lahf_lm abm tpr_shadow vnmi flexpriority ept vpid
bugs		:
bogomips	: 7183.36
clflush size	: 64
cache_alignment	: 64
address sizes	: 40 bits physical, 48 bits virtual
power management:

processor	: 2
vendor_id	: GenuineIntel
cpu family	: 6
model		: 6
model name	: QEMU Virtual CPU version 2.0.0
stepping	: 3
microcode	: 0x1
cpu MHz		: 3591.682
cache size	: 4096 KB
physical id	: 2
siblings	: 1
core id		: 0
cpu cores	: 1
apicid		: 2
initial apicid	: 2
fpu		: yes
fpu_exception	: yes
cpuid level	: 4
wp		: yes
flags		: fpu de pse tsc msr pae mce cx8 apic sep mtrr pge mca cmov pse36 clflush mmx fxsr sse sse2 syscall nx lm rep_good nopl pni vmx cx16 x2apic popcnt hypervisor lahf_lm abm tpr_shadow vnmi flexpriority ept vpid
bugs		:
bogomips	: 7183.36
clflush size	: 64
cache_alignment	: 64
address sizes	: 40 bits physical, 48 bits virtual
power management:

processor	: 3
vendor_id	: GenuineIntel
cpu family	: 6
model		: 6
model name	: QEMU Virtual CPU version 2.0.0
stepping	: 3
microcode	: 0x1
cpu MHz		: 3591.682
cache size	: 4096 KB
physical id	: 3
siblings	: 1
core id		: 0
cpu cores	: 1
apicid		: 3
initial apicid	: 3
fpu		: yes
fpu_exception	: yes
cpuid level	: 4
wp		: yes
flags		: fpu de pse tsc msr pae mce cx8 apic sep mtrr pge mca cmov pse36 clflush mmx fxsr sse sse2 syscall nx lm rep_good nopl pni vmx cx16 x2apic popcnt hypervisor lahf_lm abm tpr_shadow vnmi flexpriority ept vpid
bugs		:
bogomips	: 7183.36
clflush size	: 64
cache_alignment	: 64
address sizes	: 40 bits physical, 48 bits virtual
power management:

processor	: 4
vendor_id	: GenuineIntel
cpu family	: 6
model		: 6
model name	: QEMU Virtual CPU version 2.0.0
stepping	: 3
microcode	: 0x1
cpu MHz		: 3591.682
cache size	: 4096 KB
physical id	: 4
siblings	: 1
core id		: 0
cpu cores	: 1
apicid		: 4
initial apicid	: 4
fpu		: yes
fpu_exception	: yes
cpuid level	: 4
wp		: yes
flags		: fpu de pse tsc msr pae mce cx8 apic sep mtrr pge mca cmov pse36 clflush mmx fxsr sse sse2 syscall nx lm rep_good nopl pni vmx cx16 x2apic popcnt hypervisor lahf_lm abm tpr_shadow vnmi flexpriority ept vpid
bugs		:
bogomips	: 7183.36
clflush size	: 64
cache_alignment	: 64
address sizes	: 40 bits physical, 48 bits virtual
power management:

processor	: 5
vendor_id	: GenuineIntel
cpu family	: 6
model		: 6
model name	: QEMU Virtual CPU version 2.0.0
stepping	: 3
microcode	: 0x1
cpu MHz		: 3591.682
cache size	: 4096 KB
physical id	: 5
siblings	: 1
core id		: 0
cpu cores	: 1
apicid		: 5
initial apicid	: 5
fpu		: yes
fpu_exception	: yes
cpuid level	: 4
wp		: yes
flags		: fpu de pse tsc msr pae mce cx8 apic sep mtrr pge mca cmov pse36 clflush mmx fxsr sse sse2 syscall nx lm rep_good nopl pni vmx cx16 x2apic popcnt hypervisor lahf_lm abm tpr_shadow vnmi flexpriority ept vpid
bugs		:
bogomips	: 7183.36
clflush size	: 64
cache_alignment	: 64
address sizes	: 40 bits physical, 48 bits virtual
power management:

processor	: 6
vendor_id	: GenuineIntel
cpu family	: 6
model		: 6
model name	: QEMU Virtual CPU version 2.0.0
stepping	: 3
microcode	: 0x1
cpu MHz		: 3591.682
cache size	: 4096 KB
physical id	: 6
siblings	: 1
core id		: 0
cpu cores	: 1
apicid		: 6
initial apicid	: 6
fpu		: yes
fpu_exception	: yes
cpuid level	: 4
wp		: yes
flags		: fpu de pse tsc msr pae mce cx8 apic sep mtrr pge mca cmov pse36 clflush mmx fxsr sse sse2 syscall nx lm rep_good nopl pni vmx cx16 x2apic popcnt hypervisor lahf_lm abm tpr_shadow vnmi flexpriority ept vpid
bugs		:
bogomips	: 7183.36
clflush size	: 64
cache_alignment	: 64
address sizes	: 40 bits physical, 48 bits virtual
power management:

processor	: 7
vendor_id	: GenuineIntel
cpu family	: 6
model		: 6
model name	: QEMU Virtual CPU version 2.0.0
stepping	: 3
microcode	: 0x1
cpu MHz		: 3591.682
cache size	: 4096 KB
physical id	: 7
siblings	: 1
core id		: 0
cpu cores	: 1
apicid		: 7
initial apicid	: 7
fpu		: yes
fpu_exception	: yes
cpuid level	: 4
wp		: yes
flags		: fpu de pse tsc msr pae mce cx8 apic sep mtrr pge mca cmov pse36 clflush mmx fxsr sse sse2 syscall nx lm rep_good nopl pni vmx cx16 x2apic popcnt hypervisor lahf_lm abm tpr_shadow vnmi flexpriority ept vpid
bugs		:
bogomips	: 7183.36
clflush size	: 64
cache_alignment	: 64
address sizes	: 40 bits physical, 48 bits virtual
power management:



Memory: 4k page, physical 24689876k(212940k free), swap 1044476k(361652k free)

vm_info: Java HotSpot(TM) 64-Bit Server VM (25.111-b14) for linux-amd64 JRE (1.8.0_111-b14), built on Sep 22 2016 16:14:03 by "java_re" with gcc 4.3.0 20080428 (Red Hat 4.3.0-8)

time: Wed Nov 16 15:50:55 2016
elapsed time: 97 seconds (0d 0h 1m 37s)

